<?xml version="1.0" encoding="UTF-8"?>
<!-- Generated by org.testng.reporters.JUnitReportReporter -->
<testsuite hostname="LAPTOP-0QUIN340" failures="0" tests="2" name="Automation.Automation.TestcaseTestNG2CrossBrowser" time="15.789" errors="0" timestamp="2021-11-30T06:48:14 IST" skipped="0">
  <testcase classname="Automation.Automation.TestcaseTestNG2CrossBrowser" name="VerifyTitle" time="6.873"/>
  <system-out/>
  <testcase classname="Automation.Automation.TestcaseTestNG2CrossBrowser" name="VerifyTitle" time="8.916"/>
  <system-out/>
</testsuite> <!-- Automation.Automation.TestcaseTestNG2CrossBrowser -->
