<?xml version="1.0" encoding="UTF-8"?>
<!-- Generated by org.testng.reporters.JUnitReportReporter -->
<testsuite hostname="LAPTOP-0QUIN340" failures="0" tests="1" name="PageObjectModel.GoogleSearchTest" time="5.637" errors="0" timestamp="2021-12-11T06:52:02 IST" skipped="0">
  <testcase classname="PageObjectModel.GoogleSearchTest" name="googlesearch" time="5.637"/>
  <system-out/>
</testsuite> <!-- PageObjectModel.GoogleSearchTest -->
