<?xml version="1.0" encoding="UTF-8"?>
<!-- Generated by org.testng.reporters.JUnitReportReporter -->
<testsuite hostname="LAPTOP-0QUIN340" failures="0" tests="1" name="Automation.Automation.TestcaseTestNGDragAndDrop" time="4.545" errors="0" timestamp="2021-11-29T14:44:48 IST" skipped="0">
  <testcase classname="Automation.Automation.TestcaseTestNGDragAndDrop" name="VerifyDragDrop" time="4.545"/>
  <system-out/>
</testsuite> <!-- Automation.Automation.TestcaseTestNGDragAndDrop -->
